Compiled jquery.js  (6ms)  (pid 31359)
Compiled jquery_ujs.js  (1ms)  (pid 31359)
Compiled rails.validations.js  (1ms)  (pid 31359)
Compiled jquery.ui.core.js  (1ms)  (pid 31359)
Compiled jquery.ui.datepicker.js  (40ms)  (pid 31359)
Compiled jquery.ui.datepicker-es.js  (0ms)  (pid 31359)
Compiled placeholder.js  (1ms)  (pid 31359)
Compiled turbolinks.js  (2166ms)  (pid 31359)
Compiled rhinoslider-1.05.min.js  (1ms)  (pid 31359)
Compiled slider.js  (0ms)  (pid 31359)
Compiled application.js  (2535ms)  (pid 31359)
Compiled jquery.ui.core.css  (3ms)  (pid 31359)
Compiled jquery.ui.theme.css  (320ms)  (pid 31359)
Compiled jquery.ui.datepicker.css  (372ms)  (pid 31359)
Compiled jquery-ui-1.10.4.custom.css  (1ms)  (pid 31359)
Warning. Error encountered while saving cache /Users/saroj/blog1 copy/tmp/cache/sass/4d869ea7316b4d30154aaa417f5053b495f4bf72/himalayas.css.scssc: can't dump anonymous class #<Class:0x0000010556ef68>

Compiled himalayas.css  (276ms)  (pid 31359)
Compiled normalize.css  (0ms)  (pid 31359)
Compiled application.css  (888ms)  (pid 31359)
Compiled jquery.js  (6ms)  (pid 31781)
Compiled jquery_ujs.js  (0ms)  (pid 31781)
Compiled rails.validations.js  (1ms)  (pid 31781)
Compiled jquery.ui.core.js  (0ms)  (pid 31781)
Compiled jquery.ui.datepicker.js  (20ms)  (pid 31781)
Compiled jquery.ui.datepicker-es.js  (0ms)  (pid 31781)
Compiled placeholder.js  (1ms)  (pid 31781)
Compiled turbolinks.js  (1811ms)  (pid 31781)
Compiled rhinoslider-1.05.min.js  (0ms)  (pid 31781)
Compiled slider.js  (0ms)  (pid 31781)
Compiled application.js  (2064ms)  (pid 31781)
Compiled jquery.ui.core.css  (3ms)  (pid 31781)
Compiled jquery.ui.theme.css  (248ms)  (pid 31781)
Compiled jquery.ui.datepicker.css  (273ms)  (pid 31781)
Compiled jquery-ui-1.10.4.custom.css  (1ms)  (pid 31781)
Warning. Error encountered while saving cache /Users/saroj/blog1 copy/tmp/cache/sass/4d869ea7316b4d30154aaa417f5053b495f4bf72/himalayas.css.scssc: can't dump anonymous class #<Class:0x000001058c6d78>

Compiled himalayas.css  (212ms)  (pid 31781)
Compiled normalize.css  (0ms)  (pid 31781)
Compiled application.css  (644ms)  (pid 31781)
Compiled jquery.js  (6ms)  (pid 31802)
Compiled jquery_ujs.js  (0ms)  (pid 31802)
Compiled rails.validations.js  (1ms)  (pid 31802)
Compiled jquery.ui.core.js  (1ms)  (pid 31802)
Compiled jquery.ui.datepicker.js  (18ms)  (pid 31802)
Compiled jquery.ui.datepicker-es.js  (0ms)  (pid 31802)
Compiled placeholder.js  (1ms)  (pid 31802)
Compiled turbolinks.js  (1585ms)  (pid 31802)
Compiled rhinoslider-1.05.min.js  (1ms)  (pid 31802)
Compiled slider.js  (0ms)  (pid 31802)
Compiled application.js  (1978ms)  (pid 31802)
Compiled jquery.ui.core.css  (3ms)  (pid 31802)
Compiled jquery.ui.theme.css  (179ms)  (pid 31802)
Compiled jquery.ui.datepicker.css  (205ms)  (pid 31802)
Compiled jquery-ui-1.10.4.custom.css  (0ms)  (pid 31802)
Warning. Error encountered while saving cache /Users/saroj/blog1 copy/tmp/cache/sass/4d869ea7316b4d30154aaa417f5053b495f4bf72/himalayas.css.scssc: can't dump anonymous class #<Class:0x00000104b62f38>

Compiled himalayas.css  (266ms)  (pid 31802)
Compiled normalize.css  (0ms)  (pid 31802)
Compiled application.css  (627ms)  (pid 31802)
Compiled jquery.js  (6ms)  (pid 32082)
Compiled jquery_ujs.js  (0ms)  (pid 32082)
Compiled rails.validations.js  (1ms)  (pid 32082)
Compiled jquery.ui.core.js  (0ms)  (pid 32082)
Compiled jquery.ui.datepicker.js  (42ms)  (pid 32082)
Compiled jquery.ui.datepicker-es.js  (0ms)  (pid 32082)
Compiled placeholder.js  (0ms)  (pid 32082)
Compiled turbolinks.js  (556ms)  (pid 32082)
Compiled rhinoslider-1.05.min.js  (1ms)  (pid 32082)
Compiled slider.js  (0ms)  (pid 32082)
Compiled application.js  (725ms)  (pid 32082)
Compiled jquery.ui.core.css  (4ms)  (pid 32082)
Compiled jquery.ui.theme.css  (261ms)  (pid 32082)
Compiled jquery.ui.datepicker.css  (342ms)  (pid 32082)
Compiled jquery-ui-1.10.4.custom.css  (1ms)  (pid 32082)
Warning. Error encountered while saving cache /Users/saroj/blog1 copy/tmp/cache/sass/4d869ea7316b4d30154aaa417f5053b495f4bf72/himalayas.css.scssc: can't dump anonymous class #<Class:0x000001043cf8c0>

Compiled himalayas.css  (185ms)  (pid 32082)
Compiled normalize.css  (0ms)  (pid 32082)
Compiled application.css  (644ms)  (pid 32082)
Compiled jquery.js  (6ms)  (pid 32100)
Compiled jquery_ujs.js  (0ms)  (pid 32100)
Compiled rails.validations.js  (1ms)  (pid 32100)
Compiled jquery.ui.core.js  (0ms)  (pid 32100)
Compiled jquery.ui.datepicker.js  (39ms)  (pid 32100)
Compiled jquery.ui.datepicker-es.js  (0ms)  (pid 32100)
Compiled placeholder.js  (1ms)  (pid 32100)
Compiled turbolinks.js  (515ms)  (pid 32100)
Compiled rhinoslider-1.05.min.js  (0ms)  (pid 32100)
Compiled slider.js  (0ms)  (pid 32100)
Compiled application.js  (639ms)  (pid 32100)
Compiled jquery.ui.core.css  (4ms)  (pid 32100)
Compiled jquery.ui.theme.css  (174ms)  (pid 32100)
Compiled jquery.ui.datepicker.css  (217ms)  (pid 32100)
Compiled jquery-ui-1.10.4.custom.css  (1ms)  (pid 32100)
Warning. Error encountered while saving cache /Users/saroj/blog1 copy/tmp/cache/sass/4d869ea7316b4d30154aaa417f5053b495f4bf72/himalayas.css.scssc: can't dump anonymous class #<Class:0x0000010460b8a0>

Compiled himalayas.css  (200ms)  (pid 32100)
Compiled normalize.css  (0ms)  (pid 32100)
Compiled application.css  (522ms)  (pid 32100)
Compiled jquery.js  (7ms)  (pid 52099)
Compiled jquery_ujs.js  (1ms)  (pid 52099)
Compiled rails.validations.js  (1ms)  (pid 52099)
Compiled jquery.ui.core.js  (5ms)  (pid 52099)
Compiled jquery.ui.datepicker.js  (64ms)  (pid 52099)
Compiled jquery.ui.datepicker-es.js  (0ms)  (pid 52099)
Compiled placeholder.js  (1ms)  (pid 52099)
Compiled turbolinks.js  (2006ms)  (pid 52099)
Compiled rhinoslider-1.05.min.js  (1ms)  (pid 52099)
Compiled slider.js  (0ms)  (pid 52099)
Compiled application.js  (2566ms)  (pid 52099)
Compiled jquery.ui.core.css  (4ms)  (pid 52099)
Compiled jquery.ui.theme.css  (381ms)  (pid 52099)
Compiled jquery.ui.datepicker.css  (431ms)  (pid 52099)
Compiled jquery-ui-1.10.4.custom.css  (0ms)  (pid 52099)
Warning. Error encountered while saving cache /Users/saroj/blog1 copy/tmp/cache/sass/4d869ea7316b4d30154aaa417f5053b495f4bf72/himalayas.css.scssc: can't dump anonymous class #<Class:0x00000101ec5f70>

Compiled himalayas.css  (182ms)  (pid 52099)
Compiled normalize.css  (0ms)  (pid 52099)
Compiled application.css  (756ms)  (pid 52099)
Compiled jquery.js  (6ms)  (pid 52153)
Compiled jquery_ujs.js  (0ms)  (pid 52153)
Compiled rails.validations.js  (0ms)  (pid 52153)
Compiled jquery.ui.core.js  (0ms)  (pid 52153)
Compiled jquery.ui.datepicker.js  (9ms)  (pid 52153)
Compiled jquery.ui.datepicker-es.js  (0ms)  (pid 52153)
Compiled placeholder.js  (0ms)  (pid 52153)
Compiled turbolinks.js  (590ms)  (pid 52153)
Compiled rhinoslider-1.05.min.js  (0ms)  (pid 52153)
Compiled slider.js  (0ms)  (pid 52153)
Compiled application.js  (674ms)  (pid 52153)
Compiled jquery.ui.core.css  (3ms)  (pid 52153)
Compiled jquery.ui.theme.css  (163ms)  (pid 52153)
Compiled jquery.ui.datepicker.css  (215ms)  (pid 52153)
Compiled jquery-ui-1.10.4.custom.css  (1ms)  (pid 52153)
Warning. Error encountered while saving cache /Users/saroj/blog1 copy/tmp/cache/sass/4d869ea7316b4d30154aaa417f5053b495f4bf72/himalayas.css.scssc: can't dump anonymous class #<Class:0x00000101598b28>

Compiled himalayas.css  (189ms)  (pid 52153)
Compiled normalize.css  (0ms)  (pid 52153)
Compiled application.css  (490ms)  (pid 52153)
Compiled jquery.js  (9ms)  (pid 52187)
Compiled jquery_ujs.js  (0ms)  (pid 52187)
Compiled rails.validations.js  (1ms)  (pid 52187)
Compiled jquery.ui.core.js  (2ms)  (pid 52187)
Compiled jquery.ui.datepicker.js  (39ms)  (pid 52187)
Compiled jquery.ui.datepicker-es.js  (1ms)  (pid 52187)
Compiled placeholder.js  (2ms)  (pid 52187)
Compiled turbolinks.js  (1715ms)  (pid 52187)
Compiled rhinoslider-1.05.min.js  (1ms)  (pid 52187)
Compiled slider.js  (0ms)  (pid 52187)
Compiled application.js  (2135ms)  (pid 52187)
Compiled jquery.ui.core.css  (4ms)  (pid 52187)
Compiled jquery.ui.theme.css  (234ms)  (pid 52187)
Compiled jquery.ui.datepicker.css  (309ms)  (pid 52187)
Compiled jquery-ui-1.10.4.custom.css  (1ms)  (pid 52187)
Warning. Error encountered while saving cache /Users/saroj/blog1 copy/tmp/cache/sass/4d869ea7316b4d30154aaa417f5053b495f4bf72/himalayas.css.scssc: can't dump anonymous class #<Class:0x0000010179bd58>

Compiled himalayas.css  (183ms)  (pid 52187)
Compiled normalize.css  (0ms)  (pid 52187)
Compiled application.css  (623ms)  (pid 52187)
Compiled exitpops.js  (353ms)  (pid 52187)
Compiled extra css/wwhimalayas.css.scss   (0ms)  (pid 52187)
Compiled himalayas.js  (273ms)  (pid 52187)
Compiled jquery.js  (11ms)  (pid 52187)
Compiled jquery_ujs.js  (0ms)  (pid 52187)
Compiled rails.validations.js  (0ms)  (pid 52187)
Compiled jquery.ui.core.js  (0ms)  (pid 52187)
Compiled jquery.ui.datepicker.js  (10ms)  (pid 52187)
Compiled jquery.ui.datepicker-es.js  (0ms)  (pid 52187)
Compiled placeholder.js  (0ms)  (pid 52187)
Compiled turbolinks.js  (1024ms)  (pid 52187)
Compiled rhinoslider-1.05.min.js  (0ms)  (pid 52187)
Compiled slider.js  (0ms)  (pid 52187)
Compiled application.js  (1300ms)  (pid 52187)
Compiled jquery.ui.core.css  (4ms)  (pid 52187)
Compiled jquery.ui.theme.css  (149ms)  (pid 52187)
Compiled jquery.ui.datepicker.css  (222ms)  (pid 52187)
Compiled jquery-ui-1.10.4.custom.css  (1ms)  (pid 52187)
Warning. Error encountered while saving cache /Users/saroj/blog1 copy/tmp/cache/sass/4d869ea7316b4d30154aaa417f5053b495f4bf72/himalayas.css.scssc: can't dump anonymous class #<Class:0x0000010404fee8>

Compiled himalayas.css  (194ms)  (pid 52187)
Compiled normalize.css  (0ms)  (pid 52187)
Compiled application.css  (554ms)  (pid 52187)
Compiled exitpops.js  (472ms)  (pid 52187)
Compiled extra css/wwhimalayas.css.scss   (0ms)  (pid 52187)
Compiled himalayas.js  (272ms)  (pid 52187)
